2025-09-20 09:04:37.409 [Test worker] INFO   - [96m

-------------------------------------------------------------------------------------
     _______. _______ .______       _______ .__   __.  __  .___________.____    ____ 
    /       ||   ____||   _  \     |   ____||  \ |  | |  | |           |\   \  /   / 
   |   (----`|  |__   |  |_)  |    |  |__   |   \|  | |  | `---|  |----` \   \/   /  
    \   \    |   __|  |      /     |   __|  |  . `  | |  |     |  |       \_    _/   
.----)   |   |  |____ |  |\  \----.|  |____ |  |\   | |  |     |  |         |  |     
|_______/    |_______|| _| `._____||_______||__| \__| |__|     |__|         |__|    
                                                                                     
 News and tutorials at https://serenity-bdd.info                                     
 Documentation at https://serenity-bdd.github.io                                     
 Test Automation Training and Coaching: https://www.serenity-dojo.com                
 Commercial Support: https://www.serenity-dojo.com/serenity-bdd-enterprise-support   
 Join the Serenity Community on Gitter: https://gitter.im/serenity-bdd/serenity-core 
-------------------------------------------------------------------------------------
[0m
2025-09-20 09:04:37.419 [Test worker] INFO   - Test Suite Started: TransactionAPITests
2025-09-20 09:04:37.565 [Test worker] INFO   - 
  _____   ___   ___   _____     ___   _____     _     ___   _____   ___   ___  
 |_   _| | __| / __| |_   _|   / __| |_   _|   /_\   | _ \ |_   _| | __| |   \ 
   | |   | _|  \__ \   | |     \__ \   | |    / _ \  |   /   | |   | _|  | |) |
   |_|   |___| |___/   |_|     |___/   |_|   /_/ \_\ |_|_\   |_|   |___| |___/ 

validateResponseBody()([engine:junit-jupiter]/[class:com.project.testautomation.testcases.api.TransactionAPITests]/[method:validateResponseBody()])
--------------------------------------------------------------------------------
2025-09-20 09:04:39.286 [Test worker] INFO   - Test Suite Started: TransactionAPITests
2025-09-20 09:04:39.304 [Test worker] INFO   - 
  _____   ___   ___   _____     ___   _____     _     ___   _____   ___   ___  
 |_   _| | __| / __| |_   _|   / __| |_   _|   /_\   | _ \ |_   _| | __| |   \ 
   | |   | _|  \__ \   | |     \__ \   | |    / _ \  |   /   | |   | _|  | |) |
   |_|   |___| |___/   |_|     |___/   |_|   /_/ \_\ |_|_\   |_|   |___| |___/ 

validateCreateTransaction()([engine:junit-jupiter]/[class:com.project.testautomation.testcases.api.TransactionAPITests]/[method:validateCreateTransaction()])
--------------------------------------------------------------------------------
2025-09-20 09:04:39.474 [Test worker] INFO   - Test Suite Started: TransactionAPITests
2025-09-20 09:04:39.483 [Test worker] INFO   - 
  _____   ___   ___   _____     ___   _____     _     ___   _____   ___   ___  
 |_   _| | __| / __| |_   _|   / __| |_   _|   /_\   | _ \ |_   _| | __| |   \ 
   | |   | _|  \__ \   | |     \__ \   | |    / _ \  |   /   | |   | _|  | |) |
   |_|   |___| |___/   |_|     |___/   |_|   /_/ \_\ |_|_\   |_|   |___| |___/ 

validateGetTransactionsByUserId()([engine:junit-jupiter]/[class:com.project.testautomation.testcases.api.TransactionAPITests]/[method:validateGetTransactionsByUserId()])
--------------------------------------------------------------------------------
2025-09-20 09:04:39.718 [Test worker] INFO   - Test Suite Started: TransactionAPITests
2025-09-20 09:04:39.725 [Test worker] INFO   - 
  _____   ___   ___   _____     ___   _____     _     ___   _____   ___   ___  
 |_   _| | __| / __| |_   _|   / __| |_   _|   /_\   | _ \ |_   _| | __| |   \ 
   | |   | _|  \__ \   | |     \__ \   | |    / _ \  |   /   | |   | _|  | |) |
   |_|   |___| |___/   |_|     |___/   |_|   /_/ \_\ |_|_\   |_|   |___| |___/ 

validateTransactionsNegative()([engine:junit-jupiter]/[class:com.project.testautomation.testcases.api.TransactionAPITests]/[method:validateTransactionsNegative()])
--------------------------------------------------------------------------------
2025-09-20 09:04:39.783 [Test worker] INFO   - Test Suite Started: TransactionAPITests
2025-09-20 09:04:39.793 [Test worker] INFO   - 
  _____   ___   ___   _____     ___   _____     _     ___   _____   ___   ___  
 |_   _| | __| / __| |_   _|   / __| |_   _|   /_\   | _ \ |_   _| | __| |   \ 
   | |   | _|  \__ \   | |     \__ \   | |    / _ \  |   /   | |   | _|  | |) |
   |_|   |___| |___/   |_|     |___/   |_|   /_/ \_\ |_|_\   |_|   |___| |___/ 

validateGetTransactions()([engine:junit-jupiter]/[class:com.project.testautomation.testcases.api.TransactionAPITests]/[method:validateGetTransactions()])
--------------------------------------------------------------------------------
2025-09-20 09:04:39.865 [Test worker] INFO   - Test Suite Started: UserCreationAPITest
2025-09-20 09:04:39.874 [Test worker] INFO   - 
  _____   ___   ___   _____     ___   _____     _     ___   _____   ___   ___  
 |_   _| | __| / __| |_   _|   / __| |_   _|   /_\   | _ \ |_   _| | __| |   \ 
   | |   | _|  \__ \   | |     \__ \   | |    / _ \  |   /   | |   | _|  | |) |
   |_|   |___| |___/   |_|     |___/   |_|   /_/ \_\ |_|_\   |_|   |___| |___/ 

validateUserCreation()([engine:junit-jupiter]/[class:com.project.testautomation.testcases.api.UserCreationAPITest]/[method:validateUserCreation()])
--------------------------------------------------------------------------------
2025-09-20 09:04:39.919 [Test worker] INFO   - Test Suite Started: UserCreationAPITest
2025-09-20 09:04:39.924 [Test worker] INFO   - 
  _____   ___   ___   _____     ___   _____     _     ___   _____   ___   ___  
 |_   _| | __| / __| |_   _|   / __| |_   _|   /_\   | _ \ |_   _| | __| |   \ 
   | |   | _|  \__ \   | |     \__ \   | |    / _ \  |   /   | |   | _|  | |) |
   |_|   |___| |___/   |_|     |___/   |_|   /_/ \_\ |_|_\   |_|   |___| |___/ 

validateHappyPath()([engine:junit-jupiter]/[class:com.project.testautomation.testcases.api.UserCreationAPITest]/[method:validateHappyPath()])
--------------------------------------------------------------------------------
2025-09-20 09:04:39.951 [Test worker] INFO   - Test Suite Started: UserCreationAPITest
2025-09-20 09:04:39.955 [Test worker] INFO   - 
  _____   ___   ___   _____     ___   _____     _     ___   _____   ___   ___  
 |_   _| | __| / __| |_   _|   / __| |_   _|   /_\   | _ \ |_   _| | __| |   \ 
   | |   | _|  \__ \   | |     \__ \   | |    / _ \  |   /   | |   | _|  | |) |
   |_|   |___| |___/   |_|     |___/   |_|   /_/ \_\ |_|_\   |_|   |___| |___/ 

inValidUserId()([engine:junit-jupiter]/[class:com.project.testautomation.testcases.api.UserCreationAPITest]/[method:inValidUserId()])
--------------------------------------------------------------------------------
2025-09-20 09:04:39.992 [Test worker] INFO   - Test Suite Started: UserCreationAPITest
2025-09-20 09:04:39.995 [Test worker] INFO   - 
  _____   ___   ___   _____     ___   _____     _     ___   _____   ___   ___  
 |_   _| | __| / __| |_   _|   / __| |_   _|   /_\   | _ \ |_   _| | __| |   \ 
   | |   | _|  \__ \   | |     \__ \   | |    / _ \  |   /   | |   | _|  | |) |
   |_|   |___| |___/   |_|     |___/   |_|   /_/ \_\ |_|_\   |_|   |___| |___/ 

inValidEndpoint()([engine:junit-jupiter]/[class:com.project.testautomation.testcases.api.UserCreationAPITest]/[method:inValidEndpoint()])
--------------------------------------------------------------------------------
2025-09-20 09:04:40.016 [Test worker] INFO   - Test Suite Started: UserCreationAPITest
2025-09-20 09:04:40.019 [Test worker] INFO   - 
  _____   ___   ___   _____     ___   _____     _     ___   _____   ___   ___  
 |_   _| | __| / __| |_   _|   / __| |_   _|   /_\   | _ \ |_   _| | __| |   \ 
   | |   | _|  \__ \   | |     \__ \   | |    / _ \  |   /   | |   | _|  | |) |
   |_|   |___| |___/   |_|     |___/   |_|   /_/ \_\ |_|_\   |_|   |___| |___/ 

validateEmptyValues()([engine:junit-jupiter]/[class:com.project.testautomation.testcases.api.UserCreationAPITest]/[method:validateEmptyValues()])
--------------------------------------------------------------------------------
2025-09-20 09:04:40.033 [Test worker] INFO   - Test Suite Started: UserCreationAPITest
2025-09-20 09:04:40.037 [Test worker] INFO   - 
  _____   ___   ___   _____     ___   _____     _     ___   _____   ___   ___  
 |_   _| | __| / __| |_   _|   / __| |_   _|   /_\   | _ \ |_   _| | __| |   \ 
   | |   | _|  \__ \   | |     \__ \   | |    / _ \  |   /   | |   | _|  | |) |
   |_|   |___| |___/   |_|     |___/   |_|   /_/ \_\ |_|_\   |_|   |___| |___/ 

validateGetUserById()([engine:junit-jupiter]/[class:com.project.testautomation.testcases.api.UserCreationAPITest]/[method:validateGetUserById()])
--------------------------------------------------------------------------------
2025-09-20 09:04:40.054 [Test worker] INFO   - Test Suite Started: UserCreationAPITest
2025-09-20 09:04:40.057 [Test worker] INFO   - 
  _____   ___   ___   _____     ___   _____     _     ___   _____   ___   ___  
 |_   _| | __| / __| |_   _|   / __| |_   _|   /_\   | _ \ |_   _| | __| |   \ 
   | |   | _|  \__ \   | |     \__ \   | |    / _ \  |   /   | |   | _|  | |) |
   |_|   |___| |___/   |_|     |___/   |_|   /_/ \_\ |_|_\   |_|   |___| |___/ 

invalidUserCreation()([engine:junit-jupiter]/[class:com.project.testautomation.testcases.api.UserCreationAPITest]/[method:invalidUserCreation()])
--------------------------------------------------------------------------------
2025-09-20 09:04:40.142 [Test worker] WARN  n.thucydides.core.pages.PageFactory - This page object does not appear have a constructor that takes a WebDriver parameter: class com.project.testautomation.steps.ui.TransactionCreationSteps (com.project.testautomation.steps.ui.TransactionCreationSteps.<init>(org.openqa.selenium.WebDriver))
2025-09-20 09:04:40.160 [Test worker] INFO   - Test Suite Started: TransactionCreationTest
2025-09-20 09:04:40.164 [Test worker] INFO   - 
  _____   ___   ___   _____     ___   _____     _     ___   _____   ___   ___  
 |_   _| | __| / __| |_   _|   / __| |_   _|   /_\   | _ \ |_   _| | __| |   \ 
   | |   | _|  \__ \   | |     \__ \   | |    / _ \  |   /   | |   | _|  | |) |
   |_|   |___| |___/   |_|     |___/   |_|   /_/ \_\ |_|_\   |_|   |___| |___/ 

validateTransactionForm()([engine:junit-jupiter]/[class:com.project.testautomation.testcases.ui.TransactionCreationTest]/[method:validateTransactionForm()])
--------------------------------------------------------------------------------
2025-09-20 09:04:40.173 [Test worker] WARN  n.thucydides.core.pages.PageFactory - This page object does not appear have a constructor that takes a WebDriver parameter: class com.project.testautomation.steps.ui.TransactionCreationSteps (com.project.testautomation.steps.ui.TransactionCreationSteps.<init>(org.openqa.selenium.WebDriver))
2025-09-20 09:04:40.183 [Test worker] INFO   - Test Suite Started: TransactionCreationTest
2025-09-20 09:04:40.188 [Test worker] INFO   - 
  _____   ___   ___   _____     ___   _____     _     ___   _____   ___   ___  
 |_   _| | __| / __| |_   _|   / __| |_   _|   /_\   | _ \ |_   _| | __| |   \ 
   | |   | _|  \__ \   | |     \__ \   | |    / _ \  |   /   | |   | _|  | |) |
   |_|   |___| |___/   |_|     |___/   |_|   /_/ \_\ |_|_\   |_|   |___| |___/ 

validateInvalidUserTransactionScenario()([engine:junit-jupiter]/[class:com.project.testautomation.testcases.ui.TransactionCreationTest]/[method:validateInvalidUserTransactionScenario()])
--------------------------------------------------------------------------------
2025-09-20 09:04:40.196 [Test worker] WARN  n.thucydides.core.pages.PageFactory - This page object does not appear have a constructor that takes a WebDriver parameter: class com.project.testautomation.steps.ui.TransactionCreationSteps (com.project.testautomation.steps.ui.TransactionCreationSteps.<init>(org.openqa.selenium.WebDriver))
2025-09-20 09:04:40.205 [Test worker] INFO   - Test Suite Started: TransactionCreationTest
2025-09-20 09:04:40.210 [Test worker] INFO   - 
  _____   ___   ___   _____     ___   _____     _     ___   _____   ___   ___  
 |_   _| | __| / __| |_   _|   / __| |_   _|   /_\   | _ \ |_   _| | __| |   \ 
   | |   | _|  \__ \   | |     \__ \   | |    / _ \  |   /   | |   | _|  | |) |
   |_|   |___| |___/   |_|     |___/   |_|   /_/ \_\ |_|_\   |_|   |___| |___/ 

validateNegativeTransactionScenarios()([engine:junit-jupiter]/[class:com.project.testautomation.testcases.ui.TransactionCreationTest]/[method:validateNegativeTransactionScenarios()])
--------------------------------------------------------------------------------
2025-09-20 09:04:40.215 [Test worker] WARN  n.thucydides.core.pages.PageFactory - This page object does not appear have a constructor that takes a WebDriver parameter: class com.project.testautomation.steps.ui.TransactionCreationSteps (com.project.testautomation.steps.ui.TransactionCreationSteps.<init>(org.openqa.selenium.WebDriver))
2025-09-20 09:04:40.224 [Test worker] INFO   - Test Suite Started: TransactionCreationTest
2025-09-20 09:04:40.228 [Test worker] INFO   - 
  _____   ___   ___   _____     ___   _____     _     ___   _____   ___   ___  
 |_   _| | __| / __| |_   _|   / __| |_   _|   /_\   | _ \ |_   _| | __| |   \ 
   | |   | _|  \__ \   | |     \__ \   | |    / _ \  |   /   | |   | _|  | |) |
   |_|   |___| |___/   |_|     |___/   |_|   /_/ \_\ |_|_\   |_|   |___| |___/ 

createTransactionForm()([engine:junit-jupiter]/[class:com.project.testautomation.testcases.ui.TransactionCreationTest]/[method:createTransactionForm()])
--------------------------------------------------------------------------------
2025-09-20 09:04:40.242 [Test worker] WARN  n.thucydides.core.pages.PageFactory - This page object does not appear have a constructor that takes a WebDriver parameter: class com.project.testautomation.steps.ui.UserCreationSteps (com.project.testautomation.steps.ui.UserCreationSteps.<init>(org.openqa.selenium.WebDriver))
2025-09-20 09:04:40.248 [Test worker] INFO   - Test Suite Started: UserCreationTest
2025-09-20 09:04:40.253 [Test worker] INFO   - 
  _____   ___   ___   _____     ___   _____     _     ___   _____   ___   ___  
 |_   _| | __| / __| |_   _|   / __| |_   _|   /_\   | _ \ |_   _| | __| |   \ 
   | |   | _|  \__ \   | |     \__ \   | |    / _ \  |   /   | |   | _|  | |) |
   |_|   |___| |___/   |_|     |___/   |_|   /_/ \_\ |_|_\   |_|   |___| |___/ 

Invalid User Creation Test([engine:junit-jupiter]/[class:com.project.testautomation.testcases.ui.UserCreationTest]/[method:invalidUserCreationWithNameErrorTest()])
--------------------------------------------------------------------------------
2025-09-20 09:04:40.260 [Test worker] WARN  n.thucydides.core.pages.PageFactory - This page object does not appear have a constructor that takes a WebDriver parameter: class com.project.testautomation.steps.ui.UserCreationSteps (com.project.testautomation.steps.ui.UserCreationSteps.<init>(org.openqa.selenium.WebDriver))
2025-09-20 09:04:40.272 [Test worker] INFO   - Test Suite Started: UserCreationTest
2025-09-20 09:04:40.279 [Test worker] INFO   - 
  _____   ___   ___   _____     ___   _____     _     ___   _____   ___   ___  
 |_   _| | __| / __| |_   _|   / __| |_   _|   /_\   | _ \ |_   _| | __| |   \ 
   | |   | _|  \__ \   | |     \__ \   | |    / _ \  |   /   | |   | _|  | |) |
   |_|   |___| |___/   |_|     |___/   |_|   /_/ \_\ |_|_\   |_|   |___| |___/ 

Happy Path User Creation Test([engine:junit-jupiter]/[class:com.project.testautomation.testcases.ui.UserCreationTest]/[method:userCreationTest()])
--------------------------------------------------------------------------------
2025-09-20 09:04:40.601 [Test worker] WARN  n.thucydides.core.pages.PageFactory - This page object does not appear have a constructor that takes a WebDriver parameter: class com.project.testautomation.steps.ui.UserCreationSteps (com.project.testautomation.steps.ui.UserCreationSteps.<init>(org.openqa.selenium.WebDriver))
2025-09-20 09:04:40.687 [Test worker] INFO   - Test Suite Started: UserCreationTest
2025-09-20 09:04:40.702 [Test worker] INFO   - 
  _____   ___   ___   _____     ___   _____     _     ___   _____   ___   ___  
 |_   _| | __| / __| |_   _|   / __| |_   _|   /_\   | _ \ |_   _| | __| |   \ 
   | |   | _|  \__ \   | |     \__ \   | |    / _ \  |   /   | |   | _|  | |) |
   |_|   |___| |___/   |_|     |___/   |_|   /_/ \_\ |_|_\   |_|   |___| |___/ 

Invalid user creation with email and name error test[1] name="" email="remya@test.com" and type="{3}"([engine:junit-jupiter]/[class:com.project.testautomation.testcases.ui.UserCreationTest]/[test-template:invalidUserCreationWithEmailAndNameErrorTest(java.lang.String, java.lang.String, java.lang.String)]/[test-template-invocation:#1])
--------------------------------------------------------------------------------
2025-09-20 09:04:40.727 [Test worker] WARN  n.thucydides.core.pages.PageFactory - This page object does not appear have a constructor that takes a WebDriver parameter: class com.project.testautomation.steps.ui.UserCreationSteps (com.project.testautomation.steps.ui.UserCreationSteps.<init>(org.openqa.selenium.WebDriver))
2025-09-20 09:04:40.757 [Test worker] INFO   - Test Suite Started: UserCreationTest
2025-09-20 09:04:40.762 [Test worker] INFO   - 
  _____   ___   ___   _____     ___   _____     _     ___   _____   ___   ___  
 |_   _| | __| / __| |_   _|   / __| |_   _|   /_\   | _ \ |_   _| | __| |   \ 
   | |   | _|  \__ \   | |     \__ \   | |    / _ \  |   /   | |   | _|  | |) |
   |_|   |___| |___/   |_|     |___/   |_|   /_/ \_\ |_|_\   |_|   |___| |___/ 

Invalid user creation with email and name error test[2] name="Hannah" email="" and type="{3}"([engine:junit-jupiter]/[class:com.project.testautomation.testcases.ui.UserCreationTest]/[test-template:invalidUserCreationWithEmailAndNameErrorTest(java.lang.String, java.lang.String, java.lang.String)]/[test-template-invocation:#2])
--------------------------------------------------------------------------------
2025-09-20 09:04:40.770 [Test worker] WARN  n.thucydides.core.pages.PageFactory - This page object does not appear have a constructor that takes a WebDriver parameter: class com.project.testautomation.steps.ui.UserCreationSteps (com.project.testautomation.steps.ui.UserCreationSteps.<init>(org.openqa.selenium.WebDriver))
2025-09-20 09:04:40.778 [Test worker] INFO   - Test Suite Started: UserCreationTest
2025-09-20 09:04:40.786 [Test worker] INFO   - 
  _____   ___   ___   _____     ___   _____     _     ___   _____   ___   ___  
 |_   _| | __| / __| |_   _|   / __| |_   _|   /_\   | _ \ |_   _| | __| |   \ 
   | |   | _|  \__ \   | |     \__ \   | |    / _ \  |   /   | |   | _|  | |) |
   |_|   |___| |___/   |_|     |___/   |_|   /_/ \_\ |_|_\   |_|   |___| |___/ 

Invalid user creation with email and name error test[3] name="Tom" email="It-is-email" and type="{3}"([engine:junit-jupiter]/[class:com.project.testautomation.testcases.ui.UserCreationTest]/[test-template:invalidUserCreationWithEmailAndNameErrorTest(java.lang.String, java.lang.String, java.lang.String)]/[test-template-invocation:#3])
--------------------------------------------------------------------------------
2025-09-20 09:04:40.832 [Test worker] WARN  n.thucydides.core.pages.PageFactory - This page object does not appear have a constructor that takes a WebDriver parameter: class com.project.testautomation.steps.ui.UserCreationSteps (com.project.testautomation.steps.ui.UserCreationSteps.<init>(org.openqa.selenium.WebDriver))
2025-09-20 09:04:40.838 [Test worker] INFO   - Test Suite Started: UserCreationTest
2025-09-20 09:04:40.841 [Test worker] INFO   - 
  _____   ___   ___   _____     ___   _____     _     ___   _____   ___   ___  
 |_   _| | __| / __| |_   _|   / __| |_   _|   /_\   | _ \ |_   _| | __| |   \ 
   | |   | _|  \__ \   | |     \__ \   | |    / _ \  |   /   | |   | _|  | |) |
   |_|   |___| |___/   |_|     |___/   |_|   /_/ \_\ |_|_\   |_|   |___| |___/ 

Invalid User Creation Test with email: ([engine:junit-jupiter]/[class:com.project.testautomation.testcases.ui.UserCreationTest]/[test-template:invalidUserCreationWithEmailErrorTest(java.lang.String)]/[test-template-invocation:#1])
--------------------------------------------------------------------------------
2025-09-20 09:04:40.848 [Test worker] WARN  n.thucydides.core.pages.PageFactory - This page object does not appear have a constructor that takes a WebDriver parameter: class com.project.testautomation.steps.ui.UserCreationSteps (com.project.testautomation.steps.ui.UserCreationSteps.<init>(org.openqa.selenium.WebDriver))
2025-09-20 09:04:40.859 [Test worker] INFO   - Test Suite Started: UserCreationTest
2025-09-20 09:04:40.862 [Test worker] INFO   - 
  _____   ___   ___   _____     ___   _____     _     ___   _____   ___   ___  
 |_   _| | __| / __| |_   _|   / __| |_   _|   /_\   | _ \ |_   _| | __| |   \ 
   | |   | _|  \__ \   | |     \__ \   | |    / _ \  |   /   | |   | _|  | |) |
   |_|   |___| |___/   |_|     |___/   |_|   /_/ \_\ |_|_\   |_|   |___| |___/ 

Invalid User Creation Test with email: invalidEmail([engine:junit-jupiter]/[class:com.project.testautomation.testcases.ui.UserCreationTest]/[test-template:invalidUserCreationWithEmailErrorTest(java.lang.String)]/[test-template-invocation:#2])
--------------------------------------------------------------------------------
2025-09-20 09:04:40.866 [Test worker] WARN  n.thucydides.core.pages.PageFactory - This page object does not appear have a constructor that takes a WebDriver parameter: class com.project.testautomation.steps.ui.UserCreationSteps (com.project.testautomation.steps.ui.UserCreationSteps.<init>(org.openqa.selenium.WebDriver))
2025-09-20 09:04:40.872 [Test worker] INFO   - Test Suite Started: UserCreationTest
2025-09-20 09:04:40.876 [Test worker] INFO   - 
  _____   ___   ___   _____     ___   _____     _     ___   _____   ___   ___  
 |_   _| | __| / __| |_   _|   / __| |_   _|   /_\   | _ \ |_   _| | __| |   \ 
   | |   | _|  \__ \   | |     \__ \   | |    / _ \  |   /   | |   | _|  | |) |
   |_|   |___| |___/   |_|     |___/   |_|   /_/ \_\ |_|_\   |_|   |___| |___/ 

Invalid User Creation Test with email: user@.com([engine:junit-jupiter]/[class:com.project.testautomation.testcases.ui.UserCreationTest]/[test-template:invalidUserCreationWithEmailErrorTest(java.lang.String)]/[test-template-invocation:#3])
--------------------------------------------------------------------------------
2025-09-20 09:04:40.883 [Test worker] WARN  n.thucydides.core.pages.PageFactory - This page object does not appear have a constructor that takes a WebDriver parameter: class com.project.testautomation.steps.ui.UserCreationSteps (com.project.testautomation.steps.ui.UserCreationSteps.<init>(org.openqa.selenium.WebDriver))
2025-09-20 09:04:40.892 [Test worker] INFO   - Test Suite Started: UserCreationTest
2025-09-20 09:04:40.901 [Test worker] INFO   - 
  _____   ___   ___   _____     ___   _____     _     ___   _____   ___   ___  
 |_   _| | __| / __| |_   _|   / __| |_   _|   /_\   | _ \ |_   _| | __| |   \ 
   | |   | _|  \__ \   | |     \__ \   | |    / _ \  |   /   | |   | _|  | |) |
   |_|   |___| |___/   |_|     |___/   |_|   /_/ \_\ |_|_\   |_|   |___| |___/ 

Invalid User Creation Test with email: user@com([engine:junit-jupiter]/[class:com.project.testautomation.testcases.ui.UserCreationTest]/[test-template:invalidUserCreationWithEmailErrorTest(java.lang.String)]/[test-template-invocation:#4])
--------------------------------------------------------------------------------
2025-09-20 09:04:40.912 [Test worker] WARN  n.thucydides.core.pages.PageFactory - This page object does not appear have a constructor that takes a WebDriver parameter: class com.project.testautomation.steps.ui.UserCreationSteps (com.project.testautomation.steps.ui.UserCreationSteps.<init>(org.openqa.selenium.WebDriver))
2025-09-20 09:04:40.922 [Test worker] INFO   - Test Suite Started: UserCreationTest
2025-09-20 09:04:40.927 [Test worker] INFO   - 
  _____   ___   ___   _____     ___   _____     _     ___   _____   ___   ___  
 |_   _| | __| / __| |_   _|   / __| |_   _|   /_\   | _ \ |_   _| | __| |   \ 
   | |   | _|  \__ \   | |     \__ \   | |    / _ \  |   /   | |   | _|  | |) |
   |_|   |___| |___/   |_|     |___/   |_|   /_/ \_\ |_|_\   |_|   |___| |___/ 

Invalid User Creation Test with email: user.com([engine:junit-jupiter]/[class:com.project.testautomation.testcases.ui.UserCreationTest]/[test-template:invalidUserCreationWithEmailErrorTest(java.lang.String)]/[test-template-invocation:#5])
--------------------------------------------------------------------------------
